<?xml version="1.0" encoding="UTF-8"?>
<Site BuildName="Linux-g++"
	BuildStamp="20231214-1837-Experimental"
	Name="laperex-l5ip"
	Generator="ctest-3.28.0"
	CompilerName="/usr/bin/g++"
	CompilerVersion="13.2.1"
	OSName="Linux"
	Hostname="laperex-l5ip"
	OSRelease="6.6.6-zen1-1-zen"
	OSVersion="#1 ZEN SMP PREEMPT_DYNAMIC Mon, 11 Dec 2023 11:47:45 +0000"
	OSPlatform="x86_64"
	Is64Bits="1"
	VendorString="GenuineIntel"
	VendorID="Intel Corporation"
	FamilyID="6"
	ModelID="154"
	ProcessorCacheSize="24576"
	NumberOfLogicalCPU="20"
	NumberOfPhysicalCPU="14"
	TotalVirtualMemory="15999"
	TotalPhysicalMemory="15715"
	LogicalProcessorsPerPhysical="1"
	ProcessorClockFrequency="400.46"
	>
	<Testing>
		<StartDateTime>Dec 15 03:25 IST</StartDateTime>
		<StartTestTime>1702590928</StartTestTime>
		<TestList/>
		<EndDateTime>Dec 15 03:25 IST</EndDateTime>
		<EndTestTime>1702590928</EndTestTime>
		<ElapsedMinutes>0</ElapsedMinutes>
	</Testing>
</Site>
