<?xml version="1.0" encoding="UTF-8"?>
<Site BuildName="Linux-g++"
	BuildStamp="20231222-0625-Experimental"
	Name="laperex-l5ip"
	Generator="ctest-3.28.1"
	CompilerName="/usr/bin/g++"
	CompilerVersion="13.2.1"
	OSName="Linux"
	Hostname="laperex-l5ip"
	OSRelease="6.6.7-zen1-1-zen"
	OSVersion="#1 ZEN SMP PREEMPT_DYNAMIC Thu, 14 Dec 2023 03:45:20 +0000"
	OSPlatform="x86_64"
	Is64Bits="1"
	VendorString="GenuineIntel"
	VendorID="Intel Corporation"
	FamilyID="6"
	ModelID="154"
	ProcessorCacheSize="24576"
	NumberOfLogicalCPU="20"
	NumberOfPhysicalCPU="14"
	TotalVirtualMemory="15999"
	TotalPhysicalMemory="15715"
	LogicalProcessorsPerPhysical="1"
	ProcessorClockFrequency="1607.3"
	>
	<Testing>
		<StartDateTime>Dec 22 12:48 IST</StartDateTime>
		<StartTestTime>1703229531</StartTestTime>
		<TestList/>
		<EndDateTime>Dec 22 12:48 IST</EndDateTime>
		<EndTestTime>1703229531</EndTestTime>
		<ElapsedMinutes>0</ElapsedMinutes>
	</Testing>
</Site>
